2023/01/09 10:05:25 [emerg] 1#1: host not found in upstream "springboot" in /etc/nginx/conf.d/default.conf:14
2023/01/09 10:05:37 [emerg] 1#1: host not found in upstream "springboot" in /etc/nginx/conf.d/default.conf:14
2023/01/09 10:05:49 [emerg] 1#1: host not found in upstream "springboot" in /etc/nginx/conf.d/default.conf:14
2023/01/09 10:06:01 [emerg] 1#1: host not found in upstream "springboot" in /etc/nginx/conf.d/default.conf:14
2023/01/09 10:06:13 [emerg] 1#1: host not found in upstream "springboot" in /etc/nginx/conf.d/default.conf:14
2023/01/09 10:06:25 [emerg] 1#1: host not found in upstream "springboot" in /etc/nginx/conf.d/default.conf:14
2023/01/09 10:06:37 [emerg] 1#1: host not found in upstream "springboot" in /etc/nginx/conf.d/default.conf:14
2023/01/09 10:06:49 [emerg] 1#1: host not found in upstream "springboot" in /etc/nginx/conf.d/default.conf:14
2023/01/09 10:07:01 [emerg] 1#1: host not found in upstream "springboot" in /etc/nginx/conf.d/default.conf:14
2023/01/09 10:07:13 [emerg] 1#1: host not found in upstream "springboot" in /etc/nginx/conf.d/default.conf:14
2023/01/09 10:07:25 [emerg] 1#1: host not found in upstream "springboot" in /etc/nginx/conf.d/default.conf:14
2023/01/09 10:07:37 [emerg] 1#1: host not found in upstream "springboot" in /etc/nginx/conf.d/default.conf:14
2023/01/09 10:07:49 [emerg] 1#1: host not found in upstream "springboot" in /etc/nginx/conf.d/default.conf:14
2023/01/09 10:08:01 [emerg] 1#1: host not found in upstream "springboot" in /etc/nginx/conf.d/default.conf:14
2023/01/09 10:08:13 [notice] 1#1: using the "epoll" event method
2023/01/09 10:08:13 [notice] 1#1: nginx/1.23.2
2023/01/09 10:08:13 [notice] 1#1: built by gcc 10.2.1 20210110 (Debian 10.2.1-6) 
2023/01/09 10:08:13 [notice] 1#1: OS: Linux 5.10.16.3-microsoft-standard-WSL2
2023/01/09 10:08:13 [notice] 1#1: getrlimit(RLIMIT_NOFILE): 1048576:1048576
2023/01/09 10:08:13 [notice] 1#1: start worker processes
2023/01/09 10:08:13 [notice] 1#1: start worker process 22
2023/01/09 10:08:13 [notice] 1#1: start worker process 23
2023/01/09 10:08:13 [notice] 1#1: start worker process 24
2023/01/09 10:08:13 [notice] 1#1: start worker process 25
2023/01/09 10:08:13 [notice] 1#1: start worker process 26
2023/01/09 10:08:13 [notice] 1#1: start worker process 27
2023/01/09 10:08:13 [notice] 1#1: start worker process 28
2023/01/09 10:08:13 [notice] 1#1: start worker process 29
2023/01/09 10:08:13 [notice] 1#1: start worker process 30
2023/01/09 10:08:13 [notice] 1#1: start worker process 31
2023/01/09 10:08:13 [notice] 1#1: start worker process 32
2023/01/09 10:08:13 [notice] 1#1: start worker process 33
2023/01/09 10:08:13 [notice] 1#1: start worker process 34
2023/01/09 10:08:13 [notice] 1#1: start worker process 35
2023/01/09 10:08:13 [notice] 1#1: start worker process 36
2023/01/09 10:08:13 [notice] 1#1: start worker process 37
2023/01/09 10:08:54 [notice] 1#1: signal 3 (SIGQUIT) received, shutting down
2023/01/09 10:08:54 [notice] 23#23: gracefully shutting down
2023/01/09 10:08:54 [notice] 30#30: gracefully shutting down
2023/01/09 10:08:54 [notice] 24#24: gracefully shutting down
2023/01/09 10:08:54 [notice] 28#28: gracefully shutting down
2023/01/09 10:08:54 [notice] 29#29: gracefully shutting down
2023/01/09 10:08:54 [notice] 25#25: gracefully shutting down
2023/01/09 10:08:54 [notice] 31#31: gracefully shutting down
2023/01/09 10:08:54 [notice] 33#33: gracefully shutting down
2023/01/09 10:08:54 [notice] 35#35: gracefully shutting down
2023/01/09 10:08:54 [notice] 27#27: gracefully shutting down
2023/01/09 10:08:54 [notice] 27#27: exiting
2023/01/09 10:08:54 [notice] 34#34: gracefully shutting down
2023/01/09 10:08:54 [notice] 37#37: gracefully shutting down
2023/01/09 10:08:54 [notice] 36#36: gracefully shutting down
2023/01/09 10:08:54 [notice] 22#22: gracefully shutting down
2023/01/09 10:08:54 [notice] 26#26: gracefully shutting down
2023/01/09 10:08:54 [notice] 32#32: gracefully shutting down
2023/01/09 10:08:54 [notice] 32#32: exiting
2023/01/09 10:08:54 [notice] 23#23: exiting
2023/01/09 10:08:54 [notice] 30#30: exiting
2023/01/09 10:08:54 [notice] 24#24: exiting
2023/01/09 10:08:54 [notice] 28#28: exiting
2023/01/09 10:08:54 [notice] 29#29: exiting
2023/01/09 10:08:54 [notice] 25#25: exiting
2023/01/09 10:08:54 [notice] 31#31: exiting
2023/01/09 10:08:54 [notice] 33#33: exiting
2023/01/09 10:08:54 [notice] 35#35: exiting
2023/01/09 10:08:54 [notice] 27#27: exit
2023/01/09 10:08:54 [notice] 34#34: exiting
2023/01/09 10:08:54 [notice] 37#37: exiting
2023/01/09 10:08:54 [notice] 36#36: exiting
2023/01/09 10:08:54 [notice] 22#22: exiting
2023/01/09 10:08:54 [notice] 26#26: exiting
2023/01/09 10:08:54 [notice] 32#32: exit
2023/01/09 10:08:54 [notice] 23#23: exit
2023/01/09 10:08:54 [notice] 30#30: exit
2023/01/09 10:08:54 [notice] 24#24: exit
2023/01/09 10:08:54 [notice] 28#28: exit
2023/01/09 10:08:54 [notice] 29#29: exit
2023/01/09 10:08:54 [notice] 25#25: exit
2023/01/09 10:08:54 [notice] 31#31: exit
2023/01/09 10:08:54 [notice] 33#33: exit
2023/01/09 10:08:54 [notice] 35#35: exit
2023/01/09 10:08:54 [notice] 34#34: exit
2023/01/09 10:08:54 [notice] 37#37: exit
2023/01/09 10:08:54 [notice] 36#36: exit
2023/01/09 10:08:54 [notice] 22#22: exit
2023/01/09 10:08:54 [notice] 26#26: exit
2023/01/09 10:08:54 [notice] 1#1: signal 17 (SIGCHLD) received from 37
2023/01/09 10:08:54 [notice] 1#1: worker process 23 exited with code 0
2023/01/09 10:08:54 [notice] 1#1: worker process 26 exited with code 0
2023/01/09 10:08:54 [notice] 1#1: worker process 29 exited with code 0
2023/01/09 10:08:54 [notice] 1#1: worker process 32 exited with code 0
2023/01/09 10:08:54 [notice] 1#1: worker process 33 exited with code 0
2023/01/09 10:08:54 [notice] 1#1: worker process 37 exited with code 0
2023/01/09 10:08:54 [notice] 1#1: signal 29 (SIGIO) received
2023/01/09 10:08:54 [notice] 1#1: signal 17 (SIGCHLD) received from 32
2023/01/09 10:08:54 [notice] 1#1: signal 17 (SIGCHLD) received from 24
2023/01/09 10:08:54 [notice] 1#1: worker process 24 exited with code 0
2023/01/09 10:08:54 [notice] 1#1: worker process 22 exited with code 0
2023/01/09 10:08:54 [notice] 1#1: worker process 25 exited with code 0
2023/01/09 10:08:54 [notice] 1#1: worker process 28 exited with code 0
2023/01/09 10:08:54 [notice] 1#1: worker process 30 exited with code 0
2023/01/09 10:08:54 [notice] 1#1: worker process 34 exited with code 0
2023/01/09 10:08:54 [notice] 1#1: signal 29 (SIGIO) received
2023/01/09 10:08:54 [notice] 1#1: signal 17 (SIGCHLD) received from 28
2023/01/09 10:08:54 [notice] 1#1: signal 17 (SIGCHLD) received from 27
2023/01/09 10:08:54 [notice] 1#1: worker process 27 exited with code 0
2023/01/09 10:08:54 [notice] 1#1: worker process 31 exited with code 0
2023/01/09 10:08:54 [notice] 1#1: worker process 35 exited with code 0
2023/01/09 10:08:54 [notice] 1#1: worker process 36 exited with code 0
2023/01/09 10:08:54 [notice] 1#1: exit
2023/01/09 10:08:56 [notice] 1#1: using the "epoll" event method
2023/01/09 10:08:56 [notice] 1#1: nginx/1.23.2
2023/01/09 10:08:56 [notice] 1#1: built by gcc 10.2.1 20210110 (Debian 10.2.1-6) 
2023/01/09 10:08:56 [notice] 1#1: OS: Linux 5.10.16.3-microsoft-standard-WSL2
2023/01/09 10:08:56 [notice] 1#1: getrlimit(RLIMIT_NOFILE): 1048576:1048576
2023/01/09 10:08:56 [notice] 1#1: start worker processes
2023/01/09 10:08:56 [notice] 1#1: start worker process 22
2023/01/09 10:08:56 [notice] 1#1: start worker process 23
2023/01/09 10:08:56 [notice] 1#1: start worker process 24
2023/01/09 10:08:56 [notice] 1#1: start worker process 25
2023/01/09 10:08:56 [notice] 1#1: start worker process 26
2023/01/09 10:08:56 [notice] 1#1: start worker process 27
2023/01/09 10:08:56 [notice] 1#1: start worker process 28
2023/01/09 10:08:56 [notice] 1#1: start worker process 29
2023/01/09 10:08:56 [notice] 1#1: start worker process 30
2023/01/09 10:08:56 [notice] 1#1: start worker process 31
2023/01/09 10:08:56 [notice] 1#1: start worker process 32
2023/01/09 10:08:56 [notice] 1#1: start worker process 33
2023/01/09 10:08:56 [notice] 1#1: start worker process 34
2023/01/09 10:08:56 [notice] 1#1: start worker process 35
2023/01/09 10:08:56 [notice] 1#1: start worker process 36
2023/01/09 10:08:56 [notice] 1#1: start worker process 37
2023/01/09 10:09:47 [error] 23#23: *2 open() "/usr/share/nginx/html/favicon.ico" failed (2: No such file or directory), client: 172.21.0.1, server: localhost, request: "GET /favicon.ico HTTP/1.1", host: "localhost:4030", referrer: "http://localhost:4030/"
2023/01/09 10:10:32 [notice] 1#1: signal 3 (SIGQUIT) received, shutting down
2023/01/09 10:10:32 [notice] 22#22: gracefully shutting down
2023/01/09 10:10:32 [notice] 35#35: gracefully shutting down
2023/01/09 10:10:32 [notice] 23#23: gracefully shutting down
2023/01/09 10:10:32 [notice] 24#24: gracefully shutting down
2023/01/09 10:10:32 [notice] 25#25: gracefully shutting down
2023/01/09 10:10:32 [notice] 26#26: gracefully shutting down
2023/01/09 10:10:32 [notice] 27#27: gracefully shutting down
2023/01/09 10:10:32 [notice] 27#27: exiting
2023/01/09 10:10:32 [notice] 28#28: gracefully shutting down
2023/01/09 10:10:32 [notice] 29#29: gracefully shutting down
2023/01/09 10:10:32 [notice] 32#32: gracefully shutting down
2023/01/09 10:10:32 [notice] 31#31: gracefully shutting down
2023/01/09 10:10:32 [notice] 30#30: gracefully shutting down
2023/01/09 10:10:32 [notice] 33#33: gracefully shutting down
2023/01/09 10:10:32 [notice] 34#34: gracefully shutting down
2023/01/09 10:10:32 [notice] 36#36: gracefully shutting down
2023/01/09 10:10:32 [notice] 36#36: exiting
2023/01/09 10:10:32 [notice] 37#37: gracefully shutting down
2023/01/09 10:10:32 [notice] 35#35: exiting
2023/01/09 10:10:32 [notice] 23#23: exiting
2023/01/09 10:10:32 [notice] 24#24: exiting
2023/01/09 10:10:32 [notice] 25#25: exiting
2023/01/09 10:10:32 [notice] 26#26: exiting
2023/01/09 10:10:32 [notice] 27#27: exit
2023/01/09 10:10:32 [notice] 28#28: exiting
2023/01/09 10:10:32 [notice] 29#29: exiting
2023/01/09 10:10:32 [notice] 32#32: exiting
2023/01/09 10:10:32 [notice] 31#31: exiting
2023/01/09 10:10:32 [notice] 30#30: exiting
2023/01/09 10:10:32 [notice] 33#33: exiting
2023/01/09 10:10:32 [notice] 34#34: exiting
2023/01/09 10:10:32 [notice] 36#36: exit
2023/01/09 10:10:32 [notice] 37#37: exiting
2023/01/09 10:10:32 [notice] 35#35: exit
2023/01/09 10:10:32 [notice] 23#23: exit
2023/01/09 10:10:32 [notice] 24#24: exit
2023/01/09 10:10:32 [notice] 25#25: exit
2023/01/09 10:10:32 [notice] 26#26: exit
2023/01/09 10:10:32 [notice] 28#28: exit
2023/01/09 10:10:32 [notice] 29#29: exit
2023/01/09 10:10:32 [notice] 32#32: exit
2023/01/09 10:10:32 [notice] 31#31: exit
2023/01/09 10:10:32 [notice] 30#30: exit
2023/01/09 10:10:32 [notice] 33#33: exit
2023/01/09 10:10:32 [notice] 34#34: exit
2023/01/09 10:10:32 [notice] 37#37: exit
2023/01/09 10:10:32 [notice] 1#1: signal 17 (SIGCHLD) received from 32
2023/01/09 10:10:32 [notice] 1#1: worker process 28 exited with code 0
2023/01/09 10:10:32 [notice] 1#1: worker process 32 exited with code 0
2023/01/09 10:10:32 [notice] 1#1: worker process 33 exited with code 0
2023/01/09 10:10:32 [notice] 1#1: signal 29 (SIGIO) received
2023/01/09 10:10:32 [notice] 1#1: signal 17 (SIGCHLD) received from 37
2023/01/09 10:10:32 [notice] 1#1: worker process 23 exited with code 0
2023/01/09 10:10:32 [notice] 1#1: worker process 27 exited with code 0
2023/01/09 10:10:32 [notice] 1#1: worker process 29 exited with code 0
2023/01/09 10:10:32 [notice] 1#1: worker process 35 exited with code 0
2023/01/09 10:10:32 [notice] 1#1: worker process 36 exited with code 0
2023/01/09 10:10:32 [notice] 1#1: worker process 37 exited with code 0
2023/01/09 10:10:32 [notice] 1#1: signal 29 (SIGIO) received
2023/01/09 10:10:32 [notice] 1#1: signal 17 (SIGCHLD) received from 27
2023/01/09 10:10:32 [notice] 1#1: signal 17 (SIGCHLD) received from 30
2023/01/09 10:10:32 [notice] 1#1: worker process 30 exited with code 0
2023/01/09 10:10:32 [notice] 1#1: signal 29 (SIGIO) received
2023/01/09 10:10:32 [notice] 1#1: signal 17 (SIGCHLD) received from 25
2023/01/09 10:10:32 [notice] 1#1: worker process 24 exited with code 0
2023/01/09 10:10:32 [notice] 1#1: worker process 25 exited with code 0
2023/01/09 10:10:32 [notice] 1#1: worker process 31 exited with code 0
2023/01/09 10:10:32 [notice] 1#1: worker process 34 exited with code 0
2023/01/09 10:10:32 [notice] 1#1: signal 29 (SIGIO) received
2023/01/09 10:10:32 [notice] 1#1: signal 17 (SIGCHLD) received from 31
2023/01/09 10:10:32 [notice] 1#1: signal 17 (SIGCHLD) received from 26
2023/01/09 10:10:32 [notice] 1#1: worker process 26 exited with code 0
2023/01/09 10:10:32 [notice] 1#1: signal 29 (SIGIO) received
2023/01/09 10:10:40 [notice] 1#1: signal 3 (SIGQUIT) received, shutting down
2023/01/09 10:11:07 [notice] 1#1: using the "epoll" event method
2023/01/09 10:11:07 [notice] 1#1: nginx/1.23.2
2023/01/09 10:11:07 [notice] 1#1: built by gcc 10.2.1 20210110 (Debian 10.2.1-6) 
2023/01/09 10:11:07 [notice] 1#1: OS: Linux 5.10.16.3-microsoft-standard-WSL2
2023/01/09 10:11:07 [notice] 1#1: getrlimit(RLIMIT_NOFILE): 1048576:1048576
2023/01/09 10:11:07 [notice] 1#1: start worker processes
2023/01/09 10:11:07 [notice] 1#1: start worker process 22
2023/01/09 10:11:07 [notice] 1#1: start worker process 23
2023/01/09 10:11:07 [notice] 1#1: start worker process 24
2023/01/09 10:11:07 [notice] 1#1: start worker process 25
2023/01/09 10:11:07 [notice] 1#1: start worker process 26
2023/01/09 10:11:07 [notice] 1#1: start worker process 27
2023/01/09 10:11:07 [notice] 1#1: start worker process 28
2023/01/09 10:11:07 [notice] 1#1: start worker process 29
2023/01/09 10:11:07 [notice] 1#1: start worker process 30
2023/01/09 10:11:07 [notice] 1#1: start worker process 31
2023/01/09 10:11:07 [notice] 1#1: start worker process 32
2023/01/09 10:11:07 [notice] 1#1: start worker process 33
2023/01/09 10:11:07 [notice] 1#1: start worker process 34
2023/01/09 10:11:07 [notice] 1#1: start worker process 35
2023/01/09 10:11:07 [notice] 1#1: start worker process 36
2023/01/09 10:11:07 [notice] 1#1: start worker process 37
2023/01/09 10:12:24 [error] 25#25: *4 open() "/usr/share/nginx/html/animals" failed (2: No such file or directory), client: 172.22.0.1, server: localhost, request: "GET /animals HTTP/1.1", host: "localhost:4030"
2023/01/09 10:12:30 [error] 25#25: *4 open() "/usr/share/nginx/html/animals" failed (2: No such file or directory), client: 172.22.0.1, server: localhost, request: "GET /animals HTTP/1.1", host: "localhost:4030"
2023/01/09 10:14:34 [notice] 1#1: signal 3 (SIGQUIT) received, shutting down
2023/01/09 10:14:34 [notice] 22#22: gracefully shutting down
2023/01/09 10:14:34 [notice] 36#36: gracefully shutting down
2023/01/09 10:14:34 [notice] 23#23: gracefully shutting down
2023/01/09 10:14:34 [notice] 24#24: gracefully shutting down
2023/01/09 10:14:34 [notice] 25#25: gracefully shutting down
2023/01/09 10:14:34 [notice] 26#26: gracefully shutting down
2023/01/09 10:14:34 [notice] 27#27: gracefully shutting down
2023/01/09 10:14:34 [notice] 29#29: gracefully shutting down
2023/01/09 10:14:34 [notice] 28#28: gracefully shutting down
2023/01/09 10:14:34 [notice] 30#30: gracefully shutting down
2023/01/09 10:14:34 [notice] 30#30: exiting
2023/01/09 10:14:34 [notice] 31#31: gracefully shutting down
2023/01/09 10:14:34 [notice] 32#32: gracefully shutting down
2023/01/09 10:14:34 [notice] 32#32: exiting
2023/01/09 10:14:34 [notice] 33#33: gracefully shutting down
2023/01/09 10:14:34 [notice] 34#34: gracefully shutting down
2023/01/09 10:14:34 [notice] 35#35: gracefully shutting down
2023/01/09 10:14:34 [notice] 37#37: gracefully shutting down
2023/01/09 10:14:34 [notice] 22#22: exiting
2023/01/09 10:14:34 [notice] 36#36: exiting
2023/01/09 10:14:34 [notice] 23#23: exiting
2023/01/09 10:14:34 [notice] 24#24: exiting
2023/01/09 10:14:34 [notice] 25#25: exiting
2023/01/09 10:14:34 [notice] 26#26: exiting
2023/01/09 10:14:34 [notice] 27#27: exiting
2023/01/09 10:14:34 [notice] 29#29: exiting
2023/01/09 10:14:34 [notice] 28#28: exiting
2023/01/09 10:14:34 [notice] 30#30: exit
2023/01/09 10:14:34 [notice] 31#31: exiting
2023/01/09 10:14:34 [notice] 32#32: exit
2023/01/09 10:14:34 [notice] 33#33: exiting
2023/01/09 10:14:34 [notice] 34#34: exiting
2023/01/09 10:14:34 [notice] 35#35: exiting
2023/01/09 10:14:34 [notice] 37#37: exiting
2023/01/09 10:14:34 [notice] 22#22: exit
2023/01/09 10:14:34 [notice] 36#36: exit
2023/01/09 10:14:34 [notice] 23#23: exit
2023/01/09 10:14:34 [notice] 24#24: exit
2023/01/09 10:14:34 [notice] 25#25: exit
2023/01/09 10:14:34 [notice] 26#26: exit
2023/01/09 10:14:34 [notice] 27#27: exit
2023/01/09 10:14:34 [notice] 29#29: exit
2023/01/09 10:14:34 [notice] 28#28: exit
2023/01/09 10:14:34 [notice] 31#31: exit
2023/01/09 10:14:34 [notice] 33#33: exit
2023/01/09 10:14:34 [notice] 34#34: exit
2023/01/09 10:14:34 [notice] 35#35: exit
2023/01/09 10:14:34 [notice] 37#37: exit
2023/01/09 10:14:34 [notice] 1#1: signal 17 (SIGCHLD) received from 28
2023/01/09 10:14:34 [notice] 1#1: worker process 22 exited with code 0
2023/01/09 10:14:34 [notice] 1#1: worker process 28 exited with code 0
2023/01/09 10:14:34 [notice] 1#1: signal 29 (SIGIO) received
2023/01/09 10:14:34 [notice] 1#1: signal 17 (SIGCHLD) received from 22
2023/01/09 10:14:34 [notice] 1#1: signal 17 (SIGCHLD) received from 24
2023/01/09 10:14:34 [notice] 1#1: worker process 23 exited with code 0
2023/01/09 10:14:34 [notice] 1#1: worker process 24 exited with code 0
2023/01/09 10:14:34 [notice] 1#1: worker process 25 exited with code 0
2023/01/09 10:14:34 [notice] 1#1: worker process 27 exited with code 0
2023/01/09 10:14:34 [notice] 1#1: worker process 29 exited with code 0
2023/01/09 10:14:34 [notice] 1#1: worker process 30 exited with code 0
2023/01/09 10:14:34 [notice] 1#1: worker process 31 exited with code 0
2023/01/09 10:14:34 [notice] 1#1: worker process 32 exited with code 0
2023/01/09 10:14:34 [notice] 1#1: worker process 34 exited with code 0
2023/01/09 10:14:34 [notice] 1#1: worker process 35 exited with code 0
2023/01/09 10:14:34 [notice] 1#1: worker process 37 exited with code 0
2023/01/09 10:14:34 [notice] 1#1: signal 29 (SIGIO) received
2023/01/09 10:14:34 [notice] 1#1: signal 17 (SIGCHLD) received from 27
2023/01/09 10:14:34 [notice] 1#1: signal 17 (SIGCHLD) received from 26
2023/01/09 10:14:34 [notice] 1#1: worker process 26 exited with code 0
2023/01/09 10:14:34 [notice] 1#1: signal 29 (SIGIO) received
2023/01/09 10:14:34 [notice] 1#1: signal 17 (SIGCHLD) received from 33
2023/01/09 10:14:34 [notice] 1#1: worker process 33 exited with code 0
2023/01/09 10:14:34 [notice] 1#1: worker process 36 exited with code 0
2023/01/09 10:14:34 [notice] 1#1: exit
2023/01/09 10:15:26 [notice] 1#1: using the "epoll" event method
2023/01/09 10:15:26 [notice] 1#1: nginx/1.23.2
2023/01/09 10:15:26 [notice] 1#1: built by gcc 10.2.1 20210110 (Debian 10.2.1-6) 
2023/01/09 10:15:26 [notice] 1#1: OS: Linux 5.10.16.3-microsoft-standard-WSL2
2023/01/09 10:15:26 [notice] 1#1: getrlimit(RLIMIT_NOFILE): 1048576:1048576
2023/01/09 10:15:26 [notice] 1#1: start worker processes
2023/01/09 10:15:26 [notice] 1#1: start worker process 22
2023/01/09 10:15:26 [notice] 1#1: start worker process 23
2023/01/09 10:15:26 [notice] 1#1: start worker process 24
2023/01/09 10:15:26 [notice] 1#1: start worker process 25
2023/01/09 10:15:26 [notice] 1#1: start worker process 26
2023/01/09 10:15:26 [notice] 1#1: start worker process 27
2023/01/09 10:15:26 [notice] 1#1: start worker process 28
2023/01/09 10:15:26 [notice] 1#1: start worker process 29
2023/01/09 10:15:26 [notice] 1#1: start worker process 30
2023/01/09 10:15:26 [notice] 1#1: start worker process 31
2023/01/09 10:15:26 [notice] 1#1: start worker process 32
2023/01/09 10:15:26 [notice] 1#1: start worker process 33
2023/01/09 10:15:26 [notice] 1#1: start worker process 34
2023/01/09 10:15:26 [notice] 1#1: start worker process 35
2023/01/09 10:15:26 [notice] 1#1: start worker process 36
2023/01/09 10:15:26 [notice] 1#1: start worker process 37
2023/01/09 10:16:38 [error] 23#23: *2 open() "/usr/share/nginx/html/file" failed (2: No such file or directory), client: 172.22.0.1, server: localhost, request: "GET /file HTTP/1.1", host: "localhost:4030"
2023/01/09 10:16:40 [error] 23#23: *2 open() "/usr/share/nginx/html/files" failed (2: No such file or directory), client: 172.22.0.1, server: localhost, request: "GET /files HTTP/1.1", host: "localhost:4030"
2023/01/09 10:16:46 [error] 23#23: *2 open() "/usr/share/nginx/html/files" failed (2: No such file or directory), client: 172.22.0.1, server: localhost, request: "GET /files HTTP/1.1", host: "localhost:4030"
2023/01/09 10:16:59 [error] 23#23: *2 open() "/usr/share/nginx/html/file" failed (2: No such file or directory), client: 172.22.0.1, server: localhost, request: "GET /file HTTP/1.1", host: "localhost:4030"
2023/01/09 10:17:01 [error] 23#23: *2 open() "/usr/share/nginx/html/file" failed (2: No such file or directory), client: 172.22.0.1, server: localhost, request: "GET /file HTTP/1.1", host: "localhost:4030"
2023/01/09 10:17:02 [error] 23#23: *2 open() "/usr/share/nginx/html/file" failed (2: No such file or directory), client: 172.22.0.1, server: localhost, request: "GET /file HTTP/1.1", host: "localhost:4030"
2023/01/09 10:17:16 [error] 23#23: *2 open() "/usr/share/nginx/html/file" failed (2: No such file or directory), client: 172.22.0.1, server: localhost, request: "GET /file HTTP/1.1", host: "localhost:4030"
2023/01/09 10:17:43 [error] 23#23: *2 "/usr/share/nginx/html/file/index.html" is not found (2: No such file or directory), client: 172.22.0.1, server: localhost, request: "GET /file/ HTTP/1.1", host: "localhost:4030"
2023/01/09 10:18:02 [error] 23#23: *2 open() "/usr/share/nginx/html/file" failed (2: No such file or directory), client: 172.22.0.1, server: localhost, request: "GET /file HTTP/1.1", host: "localhost:4030"
2023/01/09 10:18:15 [error] 23#23: *2 open() "/usr/share/nginx/html/animals" failed (2: No such file or directory), client: 172.22.0.1, server: localhost, request: "GET /animals HTTP/1.1", host: "localhost:4030"
2023/01/09 10:19:12 [error] 23#23: *2 open() "/usr/share/nginx/html/file" failed (2: No such file or directory), client: 172.22.0.1, server: localhost, request: "GET /file HTTP/1.1", host: "localhost:4030"
2023/01/09 10:19:23 [error] 23#23: *2 "/usr/share/nginx/html/file/index.html" is not found (2: No such file or directory), client: 172.22.0.1, server: localhost, request: "GET /file/ HTTP/1.1", host: "localhost:4030"
2023/01/09 10:25:50 [notice] 1#1: signal 3 (SIGQUIT) received, shutting down
2023/01/09 10:25:50 [notice] 22#22: gracefully shutting down
2023/01/09 10:25:50 [notice] 34#34: gracefully shutting down
2023/01/09 10:25:50 [notice] 23#23: gracefully shutting down
2023/01/09 10:25:50 [notice] 24#24: gracefully shutting down
2023/01/09 10:25:50 [notice] 25#25: gracefully shutting down
2023/01/09 10:25:50 [notice] 25#25: exiting
2023/01/09 10:25:50 [notice] 26#26: gracefully shutting down
2023/01/09 10:25:50 [notice] 27#27: gracefully shutting down
2023/01/09 10:25:50 [notice] 28#28: gracefully shutting down
2023/01/09 10:25:50 [notice] 29#29: gracefully shutting down
2023/01/09 10:25:50 [notice] 30#30: gracefully shutting down
2023/01/09 10:25:50 [notice] 31#31: gracefully shutting down
2023/01/09 10:25:50 [notice] 31#31: exiting
2023/01/09 10:25:50 [notice] 32#32: gracefully shutting down
2023/01/09 10:25:50 [notice] 33#33: gracefully shutting down
2023/01/09 10:25:50 [notice] 22#22: exiting
2023/01/09 10:25:50 [notice] 35#35: gracefully shutting down
2023/01/09 10:25:50 [notice] 36#36: gracefully shutting down
2023/01/09 10:25:50 [notice] 37#37: gracefully shutting down
2023/01/09 10:25:50 [notice] 34#34: exiting
2023/01/09 10:25:50 [notice] 23#23: exiting
2023/01/09 10:25:50 [notice] 24#24: exiting
2023/01/09 10:25:50 [notice] 25#25: exit
2023/01/09 10:25:50 [notice] 26#26: exiting
2023/01/09 10:25:50 [notice] 27#27: exiting
2023/01/09 10:25:50 [notice] 28#28: exiting
2023/01/09 10:25:50 [notice] 29#29: exiting
2023/01/09 10:25:50 [notice] 30#30: exiting
2023/01/09 10:25:50 [notice] 31#31: exit
2023/01/09 10:25:50 [notice] 32#32: exiting
2023/01/09 10:25:50 [notice] 33#33: exiting
2023/01/09 10:25:50 [notice] 22#22: exit
2023/01/09 10:25:50 [notice] 35#35: exiting
2023/01/09 10:25:50 [notice] 36#36: exiting
2023/01/09 10:25:50 [notice] 37#37: exiting
2023/01/09 10:25:50 [notice] 34#34: exit
2023/01/09 10:25:50 [notice] 23#23: exit
2023/01/09 10:25:50 [notice] 24#24: exit
2023/01/09 10:25:50 [notice] 26#26: exit
2023/01/09 10:25:50 [notice] 27#27: exit
2023/01/09 10:25:50 [notice] 28#28: exit
2023/01/09 10:25:50 [notice] 29#29: exit
2023/01/09 10:25:50 [notice] 30#30: exit
2023/01/09 10:25:50 [notice] 32#32: exit
2023/01/09 10:25:50 [notice] 33#33: exit
2023/01/09 10:25:50 [notice] 35#35: exit
2023/01/09 10:25:50 [notice] 36#36: exit
2023/01/09 10:25:50 [notice] 37#37: exit
2023/01/09 10:25:50 [notice] 1#1: signal 17 (SIGCHLD) received from 25
2023/01/09 10:25:50 [notice] 1#1: worker process 25 exited with code 0
2023/01/09 10:25:50 [notice] 1#1: signal 29 (SIGIO) received
2023/01/09 10:25:50 [notice] 1#1: signal 17 (SIGCHLD) received from 24
2023/01/09 10:25:50 [notice] 1#1: worker process 24 exited with code 0
2023/01/09 10:25:50 [notice] 1#1: worker process 35 exited with code 0
2023/01/09 10:25:50 [notice] 1#1: signal 29 (SIGIO) received
2023/01/09 10:25:50 [notice] 1#1: signal 17 (SIGCHLD) received from 35
2023/01/09 10:25:50 [notice] 1#1: signal 17 (SIGCHLD) received from 37
2023/01/09 10:25:50 [notice] 1#1: worker process 26 exited with code 0
2023/01/09 10:25:50 [notice] 1#1: worker process 28 exited with code 0
2023/01/09 10:25:50 [notice] 1#1: worker process 31 exited with code 0
2023/01/09 10:25:50 [notice] 1#1: worker process 33 exited with code 0
2023/01/09 10:25:50 [notice] 1#1: worker process 37 exited with code 0
2023/01/09 10:25:50 [notice] 1#1: signal 29 (SIGIO) received
2023/01/09 10:25:50 [notice] 1#1: signal 17 (SIGCHLD) received from 33
2023/01/09 10:25:50 [notice] 1#1: signal 17 (SIGCHLD) received from 27
2023/01/09 10:25:50 [notice] 1#1: worker process 22 exited with code 0
2023/01/09 10:25:50 [notice] 1#1: worker process 23 exited with code 0
2023/01/09 10:25:50 [notice] 1#1: worker process 27 exited with code 0
2023/01/09 10:25:50 [notice] 1#1: worker process 32 exited with code 0
2023/01/09 10:25:50 [notice] 1#1: signal 29 (SIGIO) received
2023/01/09 10:25:50 [notice] 1#1: signal 17 (SIGCHLD) received from 22
2023/01/09 10:25:50 [notice] 1#1: signal 17 (SIGCHLD) received from 30
2023/01/09 10:25:50 [notice] 1#1: worker process 29 exited with code 0
2023/01/09 10:25:50 [notice] 1#1: worker process 30 exited with code 0
2023/01/09 10:25:50 [notice] 1#1: worker process 34 exited with code 0
2023/01/09 10:25:50 [notice] 1#1: worker process 36 exited with code 0
2023/01/09 10:25:50 [notice] 1#1: exit
2023/01/09 10:26:04 [notice] 1#1: using the "epoll" event method
2023/01/09 10:26:04 [notice] 1#1: nginx/1.23.2
2023/01/09 10:26:04 [notice] 1#1: built by gcc 10.2.1 20210110 (Debian 10.2.1-6) 
2023/01/09 10:26:04 [notice] 1#1: OS: Linux 5.10.16.3-microsoft-standard-WSL2
2023/01/09 10:26:04 [notice] 1#1: getrlimit(RLIMIT_NOFILE): 1048576:1048576
2023/01/09 10:26:04 [notice] 1#1: start worker processes
2023/01/09 10:26:04 [notice] 1#1: start worker process 22
2023/01/09 10:26:04 [notice] 1#1: start worker process 23
2023/01/09 10:26:04 [notice] 1#1: start worker process 24
2023/01/09 10:26:04 [notice] 1#1: start worker process 25
2023/01/09 10:26:04 [notice] 1#1: start worker process 26
2023/01/09 10:26:04 [notice] 1#1: start worker process 27
2023/01/09 10:26:04 [notice] 1#1: start worker process 28
2023/01/09 10:26:04 [notice] 1#1: start worker process 29
2023/01/09 10:26:04 [notice] 1#1: start worker process 30
2023/01/09 10:26:04 [notice] 1#1: start worker process 31
2023/01/09 10:26:04 [notice] 1#1: start worker process 32
2023/01/09 10:26:04 [notice] 1#1: start worker process 33
2023/01/09 10:26:04 [notice] 1#1: start worker process 34
2023/01/09 10:26:04 [notice] 1#1: start worker process 35
2023/01/09 10:26:04 [notice] 1#1: start worker process 36
2023/01/09 10:26:04 [notice] 1#1: start worker process 37
2023/01/09 10:26:29 [error] 22#22: *1 open() "/usr/share/nginx/html/file" failed (2: No such file or directory), client: 172.22.0.1, server: localhost, request: "GET /file HTTP/1.1", host: "localhost:4030"
2023/01/09 11:22:20 [notice] 1#1: signal 3 (SIGQUIT) received, shutting down
2023/01/09 11:22:20 [notice] 25#25: gracefully shutting down
2023/01/09 11:22:20 [notice] 26#26: gracefully shutting down
2023/01/09 11:22:20 [notice] 28#28: gracefully shutting down
2023/01/09 11:22:20 [notice] 31#31: gracefully shutting down
2023/01/09 11:22:20 [notice] 27#27: gracefully shutting down
2023/01/09 11:22:20 [notice] 22#22: gracefully shutting down
2023/01/09 11:22:20 [notice] 23#23: gracefully shutting down
2023/01/09 11:22:20 [notice] 24#24: gracefully shutting down
2023/01/09 11:22:20 [notice] 29#29: gracefully shutting down
2023/01/09 11:22:20 [notice] 30#30: gracefully shutting down
2023/01/09 11:22:20 [notice] 32#32: gracefully shutting down
2023/01/09 11:22:20 [notice] 34#34: gracefully shutting down
2023/01/09 11:22:20 [notice] 33#33: gracefully shutting down
2023/01/09 11:22:20 [notice] 36#36: gracefully shutting down
2023/01/09 11:22:20 [notice] 37#37: gracefully shutting down
2023/01/09 11:22:20 [notice] 34#34: exiting
2023/01/09 11:22:20 [notice] 35#35: gracefully shutting down
2023/01/09 11:22:20 [notice] 25#25: exiting
2023/01/09 11:22:20 [notice] 26#26: exiting
2023/01/09 11:22:20 [notice] 28#28: exiting
2023/01/09 11:22:20 [notice] 31#31: exiting
2023/01/09 11:22:20 [notice] 27#27: exiting
2023/01/09 11:22:20 [notice] 22#22: exiting
2023/01/09 11:22:20 [notice] 23#23: exiting
2023/01/09 11:22:20 [notice] 24#24: exiting
2023/01/09 11:22:20 [notice] 29#29: exiting
2023/01/09 11:22:20 [notice] 24#24: exit
2023/01/09 11:22:20 [notice] 30#30: exiting
2023/01/09 11:22:20 [notice] 32#32: exiting
2023/01/09 11:22:20 [notice] 33#33: exiting
2023/01/09 11:22:20 [notice] 32#32: exit
2023/01/09 11:22:20 [notice] 36#36: exiting
2023/01/09 11:22:20 [notice] 25#25: exit
2023/01/09 11:22:20 [notice] 34#34: exit
2023/01/09 11:22:20 [notice] 37#37: exiting
2023/01/09 11:22:20 [notice] 26#26: exit
2023/01/09 11:22:20 [notice] 37#37: exit
2023/01/09 11:22:20 [notice] 35#35: exiting
2023/01/09 11:22:20 [notice] 28#28: exit
2023/01/09 11:22:20 [notice] 27#27: exit
2023/01/09 11:22:20 [notice] 31#31: exit
2023/01/09 11:22:20 [notice] 22#22: exit
2023/01/09 11:22:20 [notice] 23#23: exit
2023/01/09 11:22:20 [notice] 29#29: exit
2023/01/09 11:22:20 [notice] 30#30: exit
2023/01/09 11:22:20 [notice] 33#33: exit
2023/01/09 11:22:20 [notice] 36#36: exit
2023/01/09 11:22:20 [notice] 35#35: exit
2023/01/09 11:22:20 [notice] 1#1: signal 17 (SIGCHLD) received from 30
2023/01/09 11:22:20 [notice] 1#1: worker process 30 exited with code 0
2023/01/09 11:22:20 [notice] 1#1: worker process 36 exited with code 0
2023/01/09 11:22:20 [notice] 1#1: worker process 37 exited with code 0
2023/01/09 11:22:20 [notice] 1#1: signal 29 (SIGIO) received
2023/01/09 11:22:20 [notice] 1#1: signal 17 (SIGCHLD) received from 34
2023/01/09 11:22:20 [notice] 1#1: worker process 34 exited with code 0
2023/01/09 11:22:20 [notice] 1#1: signal 29 (SIGIO) received
2023/01/09 11:22:20 [notice] 1#1: signal 17 (SIGCHLD) received from 29
2023/01/09 11:22:20 [notice] 1#1: worker process 22 exited with code 0
2023/01/09 11:22:20 [notice] 1#1: worker process 27 exited with code 0
2023/01/09 11:22:20 [notice] 1#1: worker process 29 exited with code 0
2023/01/09 11:22:20 [notice] 1#1: worker process 32 exited with code 0
2023/01/09 11:22:20 [notice] 1#1: signal 29 (SIGIO) received
2023/01/09 11:22:20 [notice] 1#1: signal 17 (SIGCHLD) received from 27
2023/01/09 11:22:20 [notice] 1#1: signal 17 (SIGCHLD) received from 25
2023/01/09 11:22:20 [notice] 1#1: worker process 25 exited with code 0
2023/01/09 11:22:20 [notice] 1#1: worker process 31 exited with code 0
2023/01/09 11:22:20 [notice] 1#1: worker process 33 exited with code 0
2023/01/09 11:22:20 [notice] 1#1: signal 29 (SIGIO) received
2023/01/09 11:22:20 [notice] 1#1: signal 17 (SIGCHLD) received from 24
2023/01/09 11:22:20 [notice] 1#1: worker process 23 exited with code 0
2023/01/09 11:22:20 [notice] 1#1: worker process 24 exited with code 0
2023/01/09 11:22:20 [notice] 1#1: worker process 28 exited with code 0
2023/01/09 11:22:20 [notice] 1#1: worker process 35 exited with code 0
2023/01/09 11:22:20 [notice] 1#1: signal 29 (SIGIO) received
2023/01/09 11:22:20 [notice] 1#1: signal 17 (SIGCHLD) received from 35
2023/01/09 11:22:20 [notice] 1#1: signal 17 (SIGCHLD) received from 26
2023/01/09 11:22:20 [notice] 1#1: worker process 26 exited with code 0
2023/01/09 11:22:20 [notice] 1#1: exit
2023/01/16 09:36:13 [notice] 1#1: using the "epoll" event method
2023/01/16 09:36:13 [notice] 1#1: nginx/1.23.2
2023/01/16 09:36:13 [notice] 1#1: built by gcc 10.2.1 20210110 (Debian 10.2.1-6) 
2023/01/16 09:36:13 [notice] 1#1: OS: Linux 5.10.16.3-microsoft-standard-WSL2
2023/01/16 09:36:13 [notice] 1#1: getrlimit(RLIMIT_NOFILE): 1048576:1048576
2023/01/16 09:36:13 [notice] 1#1: start worker processes
2023/01/16 09:36:13 [notice] 1#1: start worker process 22
2023/01/16 09:36:13 [notice] 1#1: start worker process 23
2023/01/16 09:36:13 [notice] 1#1: start worker process 24
2023/01/16 09:36:13 [notice] 1#1: start worker process 25
2023/01/16 09:36:13 [notice] 1#1: start worker process 26
2023/01/16 09:36:13 [notice] 1#1: start worker process 27
2023/01/16 09:36:13 [notice] 1#1: start worker process 28
2023/01/16 09:36:13 [notice] 1#1: start worker process 29
2023/01/16 09:36:13 [notice] 1#1: start worker process 30
2023/01/16 09:36:13 [notice] 1#1: start worker process 31
2023/01/16 09:36:13 [notice] 1#1: start worker process 32
2023/01/16 09:36:13 [notice] 1#1: start worker process 33
2023/01/16 09:36:13 [notice] 1#1: start worker process 34
2023/01/16 09:36:13 [notice] 1#1: start worker process 35
2023/01/16 09:36:13 [notice] 1#1: start worker process 36
2023/01/16 09:36:13 [notice] 1#1: start worker process 37
2023/01/16 09:36:52 [notice] 1#1: signal 3 (SIGQUIT) received, shutting down
2023/01/16 09:36:52 [notice] 22#22: gracefully shutting down
2023/01/16 09:36:52 [notice] 36#36: gracefully shutting down
2023/01/16 09:36:52 [notice] 23#23: gracefully shutting down
2023/01/16 09:36:52 [notice] 24#24: gracefully shutting down
2023/01/16 09:36:52 [notice] 25#25: gracefully shutting down
2023/01/16 09:36:52 [notice] 26#26: gracefully shutting down
2023/01/16 09:36:52 [notice] 26#26: exiting
2023/01/16 09:36:52 [notice] 27#27: gracefully shutting down
2023/01/16 09:36:52 [notice] 28#28: gracefully shutting down
2023/01/16 09:36:52 [notice] 30#30: gracefully shutting down
2023/01/16 09:36:52 [notice] 29#29: gracefully shutting down
2023/01/16 09:36:52 [notice] 31#31: gracefully shutting down
2023/01/16 09:36:52 [notice] 32#32: gracefully shutting down
2023/01/16 09:36:52 [notice] 32#32: exiting
2023/01/16 09:36:52 [notice] 33#33: gracefully shutting down
2023/01/16 09:36:52 [notice] 33#33: exiting
2023/01/16 09:36:52 [notice] 34#34: gracefully shutting down
2023/01/16 09:36:52 [notice] 35#35: gracefully shutting down
2023/01/16 09:36:52 [notice] 35#35: exiting
2023/01/16 09:36:52 [notice] 37#37: gracefully shutting down
2023/01/16 09:36:52 [notice] 22#22: exiting
2023/01/16 09:36:52 [notice] 36#36: exiting
2023/01/16 09:36:52 [notice] 23#23: exiting
2023/01/16 09:36:52 [notice] 24#24: exiting
2023/01/16 09:36:52 [notice] 25#25: exiting
2023/01/16 09:36:52 [notice] 26#26: exit
2023/01/16 09:36:52 [notice] 27#27: exiting
2023/01/16 09:36:52 [notice] 28#28: exiting
2023/01/16 09:36:52 [notice] 30#30: exiting
2023/01/16 09:36:52 [notice] 29#29: exiting
2023/01/16 09:36:52 [notice] 31#31: exiting
2023/01/16 09:36:52 [notice] 32#32: exit
2023/01/16 09:36:52 [notice] 33#33: exit
2023/01/16 09:36:52 [notice] 34#34: exiting
2023/01/16 09:36:52 [notice] 35#35: exit
2023/01/16 09:36:52 [notice] 37#37: exiting
2023/01/16 09:36:52 [notice] 22#22: exit
2023/01/16 09:36:52 [notice] 36#36: exit
2023/01/16 09:36:52 [notice] 23#23: exit
2023/01/16 09:36:52 [notice] 24#24: exit
2023/01/16 09:36:52 [notice] 25#25: exit
2023/01/16 09:36:52 [notice] 27#27: exit
2023/01/16 09:36:52 [notice] 28#28: exit
2023/01/16 09:36:52 [notice] 30#30: exit
2023/01/16 09:36:52 [notice] 29#29: exit
2023/01/16 09:36:52 [notice] 31#31: exit
2023/01/16 09:36:52 [notice] 34#34: exit
2023/01/16 09:36:52 [notice] 37#37: exit
2023/01/16 09:36:52 [notice] 1#1: signal 17 (SIGCHLD) received from 25
2023/01/16 09:36:52 [notice] 1#1: worker process 23 exited with code 0
2023/01/16 09:36:52 [notice] 1#1: worker process 24 exited with code 0
2023/01/16 09:36:52 [notice] 1#1: worker process 25 exited with code 0
2023/01/16 09:36:52 [notice] 1#1: worker process 26 exited with code 0
2023/01/16 09:36:52 [notice] 1#1: worker process 29 exited with code 0
2023/01/16 09:36:52 [notice] 1#1: worker process 31 exited with code 0
2023/01/16 09:36:52 [notice] 1#1: worker process 33 exited with code 0
2023/01/16 09:36:52 [notice] 1#1: worker process 34 exited with code 0
2023/01/16 09:36:52 [notice] 1#1: worker process 35 exited with code 0
2023/01/16 09:36:52 [notice] 1#1: worker process 36 exited with code 0
2023/01/16 09:36:52 [notice] 1#1: worker process 37 exited with code 0
2023/01/16 09:36:52 [notice] 1#1: signal 29 (SIGIO) received
2023/01/16 09:36:52 [notice] 1#1: signal 17 (SIGCHLD) received from 37
2023/01/16 09:36:52 [notice] 1#1: signal 17 (SIGCHLD) received from 30
2023/01/16 09:36:52 [notice] 1#1: worker process 22 exited with code 0
2023/01/16 09:36:52 [notice] 1#1: worker process 27 exited with code 0
2023/01/16 09:36:52 [notice] 1#1: worker process 30 exited with code 0
2023/01/16 09:36:52 [notice] 1#1: signal 29 (SIGIO) received
2023/01/16 09:36:52 [notice] 1#1: signal 17 (SIGCHLD) received from 28
2023/01/16 09:36:52 [notice] 1#1: worker process 28 exited with code 0
2023/01/16 09:36:52 [notice] 1#1: worker process 32 exited with code 0
2023/01/16 09:36:52 [notice] 1#1: exit
